<?xml version="1.0" encoding="UTF-8"?>
<testng-results ignored="0" total="1" passed="1" failed="0" skipped="0">
  <reporter-output>
  </reporter-output>
  <suite started-at="2022-12-25T21:47:10 IST" name="Default suite" finished-at="2022-12-25T21:47:12 IST" duration-ms="2714">
    <groups>
    </groups>
    <test started-at="2022-12-25T21:47:10 IST" name="Default test" finished-at="2022-12-25T21:47:12 IST" duration-ms="2714">
      <class name="Practise_Package.Test1">
        <test-method signature="demo()[pri:0, instance:Practise_Package.Test1@4efc180e]" started-at="2022-12-25T21:47:11 IST" name="demo" finished-at="2022-12-25T21:47:12 IST" duration-ms="1176" status="PASS">
          <reporter-output>
          </reporter-output>
        </test-method> <!-- demo -->
      </class> <!-- Practise_Package.Test1 -->
    </test> <!-- Default test -->
  </suite> <!-- Default suite -->
</testng-results>
