<?xml version="1.0" encoding="UTF-8"?>
<testng-results ignored="0" total="2" passed="2" failed="0" skipped="0">
  <reporter-output>
  </reporter-output>
  <suite started-at="2022-12-25T23:16:07 IST" name="Default suite" finished-at="2022-12-25T23:16:07 IST" duration-ms="160">
    <groups>
    </groups>
    <test started-at="2022-12-25T23:16:07 IST" name="Default test" finished-at="2022-12-25T23:16:07 IST" duration-ms="160">
      <class name="Practise_Package.Test1">
        <test-method signature="call()[pri:0, instance:Practise_Package.Test1@71238fc2]" started-at="2022-12-25T23:16:07 IST" name="call" finished-at="2022-12-25T23:16:07 IST" duration-ms="23" status="PASS">
          <reporter-output>
          </reporter-output>
        </test-method> <!-- call -->
        <test-method signature="demo()[pri:0, instance:Practise_Package.Test1@71238fc2]" started-at="2022-12-25T23:16:07 IST" name="demo" finished-at="2022-12-25T23:16:07 IST" duration-ms="18" status="PASS">
          <reporter-output>
          </reporter-output>
        </test-method> <!-- demo -->
      </class> <!-- Practise_Package.Test1 -->
    </test> <!-- Default test -->
  </suite> <!-- Default suite -->
</testng-results>
